Lab2/Lab2ActivityLifecycle/app/build/intermediates/manifest_merge_blame_file/debug/manifest-merger-blame-debug-report.txt
1<?xml version="1.0" encoding="utf-8"?>
2<manifest xmlns:android="http://schemas.android.com/apk/res/android"
3    package="mobiledev.unb.ca.lab2activitylifecycle"
4    android:versionCode="1"
5    android:versionName="1.0" >
6
7    <uses-sdk
8        android:minSdkVersion="21"
8-->src\main\AndroidManifest.xml
9        android:targetSdkVersion="31" />
9-->src\main\AndroidManifest.xml
10
11    <application
11-->src\main\AndroidManifest.xml:5:5-27:19
12        android:allowBackup="true"
12-->src\main\AndroidManifest.xml:6:9-35
13        android:appComponentFactory="androidx.core.app.CoreComponentFactory"
13-->[androidx.core:core:1.3.0] AndroidManifest.xml:24:18-86
14        android:debuggable="true"
15        android:icon="@mipmap/ic_launcher"
15-->src\main\AndroidManifest.xml:7:9-43
16        android:label="@string/app_name"
16-->src\main\AndroidManifest.xml:8:9-41
17        android:testOnly="true"
18        android:theme="@style/AppTheme" >
18-->src\main\AndroidManifest.xml:9:9-40
19        <activity
19-->src\main\AndroidManifest.xml:10:9-19:20
20            android:name="mobiledev.unb.ca.lab2activitylifecycle.ActivityOne"
20-->src\main\AndroidManifest.xml:11:13-40
21            android:exported="true"
21-->src\main\AndroidManifest.xml:13:13-36
22            android:label="@string/app_name" >
22-->src\main\AndroidManifest.xml:12:13-45
23            <intent-filter>
23-->src\main\AndroidManifest.xml:14:13-18:29
24                <action android:name="android.intent.action.MAIN" />
24-->src\main\AndroidManifest.xml:15:17-69
24-->src\main\AndroidManifest.xml:15:25-66
25
26                <category android:name="android.intent.category.LAUNCHER" />
26-->src\main\AndroidManifest.xml:17:17-77
26-->src\main\AndroidManifest.xml:17:27-74
27            </intent-filter>
28        </activity>
29        <activity
29-->src\main\AndroidManifest.xml:20:9-25:20
30            android:name="mobiledev.unb.ca.lab2activitylifecycle.ActivityTwo"
30-->src\main\AndroidManifest.xml:21:13-40
31            android:exported="true"
31-->src\main\AndroidManifest.xml:23:13-36
32            android:label="@string/app_name" >
32-->src\main\AndroidManifest.xml:22:13-45
33        </activity>
34    </application>
35
36</manifest>